[36mvite v5.4.19 [32mbuilding for production...[36m[39m
transforming...
[32m✓[39m 1729 modules transformed.
rendering chunks...
computing gzip size...
[2mdist/[22m[32mindex.html                           [39m[1m[2m  1.31 kB[22m[1m[22m[2m │ gzip:   0.61 kB[22m
[2mdist/[22m[35massets/Dashboard-DguWJUkH.css        [39m[1m[2m 21.81 kB[22m[1m[22m[2m │ gzip:   3.07 kB[22m
[2mdist/[22m[35massets/index-B7W4ep5e.css            [39m[1m[2m 75.49 kB[22m[1m[22m[2m │ gzip:  11.65 kB[22m
[2mdist/[22m[36massets/Disputes-Dy6_FUSf.js          [39m[1m[2m  0.32 kB[22m[1m[22m[2m │ gzip:   0.24 kB[22m
[2mdist/[22m[36massets/Documents-CKt-C9Xs.js         [39m[1m[2m  0.32 kB[22m[1m[22m[2m │ gzip:   0.24 kB[22m
[2mdist/[22m[36massets/Settings-QprdlfHj.js          [39m[1m[2m  0.49 kB[22m[1m[22m[2m │ gzip:   0.29 kB[22m
[2mdist/[22m[36massets/ContactReports-DEYmTQAt.js    [39m[1m[2m  1.24 kB[22m[1m[22m[2m │ gzip:   0.60 kB[22m
[2mdist/[22m[36massets/IDIQDashboard-DXUcVZNT.js     [39m[1m[2m  1.33 kB[22m[1m[22m[2m │ gzip:   0.72 kB[22m
[2mdist/[22m[36massets/Billing-C5LZy6nm.js           [39m[1m[2m  3.47 kB[22m[1m[22m[2m │ gzip:   1.03 kB[22m
[2mdist/[22m[36massets/Reports-4w2AjrJe.js           [39m[1m[2m  4.12 kB[22m[1m[22m[2m │ gzip:   1.65 kB[22m
[2mdist/[22m[36massets/AddClient-Cw1vb0fU.js         [39m[1m[2m  4.89 kB[22m[1m[22m[2m │ gzip:   1.46 kB[22m
[2mdist/[22m[36massets/DisputeCenter-7DLupTsJ.js     [39m[1m[2m  5.32 kB[22m[1m[22m[2m │ gzip:   1.60 kB[22m
[2mdist/[22m[36massets/Dashboard-CKuoBW61.js         [39m[1m[2m  5.90 kB[22m[1m[22m[2m │ gzip:   2.44 kB[22m
[2mdist/[22m[36massets/ClientManagement-BQEbOazd.js  [39m[1m[2m  7.22 kB[22m[1m[22m[2m │ gzip:   2.35 kB[22m
[2mdist/[22m[36massets/AdminTools-q0kNe8_0.js        [39m[1m[2m 13.01 kB[22m[1m[22m[2m │ gzip:   3.99 kB[22m
[2mdist/[22m[36massets/purify.es-CQJ0hv7W.js         [39m[1m[2m 21.82 kB[22m[1m[22m[2m │ gzip:   8.58 kB[22m
[2mdist/[22m[36massets/howler-C3skIEKr.js            [39m[1m[2m 36.86 kB[22m[1m[22m[2m │ gzip:  10.10 kB[22m
[2mdist/[22m[36massets/index.es-9Mz9Qv-8.js          [39m[1m[2m150.46 kB[22m[1m[22m[2m │ gzip:  51.42 kB[22m
[2mdist/[22m[36massets/index-B0XMaKW1.js             [39m[1m[2m185.52 kB[22m[1m[22m[2m │ gzip:  64.73 kB[22m
[2mdist/[22m[36massets/html2canvas.esm-CBrSDip1.js   [39m[1m[2m201.42 kB[22m[1m[22m[2m │ gzip:  48.03 kB[22m
[2mdist/[22m[36massets/Dashboard-Cqebbvvu.js         [39m[1m[2m323.46 kB[22m[1m[22m[2m │ gzip:  88.17 kB[22m
[2mdist/[22m[36massets/jspdf.es.min-waftnz7j.js      [39m[1m[2m386.95 kB[22m[1m[22m[2m │ gzip: 126.91 kB[22m
[2mdist/[22m[36massets/ClientDocuments-iRbDNPuO.js   [39m[1m[2m422.11 kB[22m[1m[22m[2m │ gzip: 124.92 kB[22m
[2mdist/[22m[36massets/index-CJmtF2eb.js             [39m[1m[33m826.41 kB[39m[22m[2m │ gzip: 222.98 kB[22m
[33m
(!) Some chunks are larger than 500 kB after minification. Consider:
- Using dynamic import() to code-split the application
- Use build.rollupOptions.output.manualChunks to improve chunking: https://rollupjs.org/configuration-options/#output-manualchunks
- Adjust chunk size limit for this warning via build.chunkSizeWarningLimit.[39m
[32m✓ built in 13.57s[39m
